\BOOKMARK [0][-]{chapter.1}{\376\377\000I\000n\000t\000r\000o\000d\000u\000c\000t\000i\000o\000n}{}% 1
\BOOKMARK [0][-]{chapter.2}{\376\377\000I\000n\000s\000t\000a\000l\000l\000a\000t\000i\000o\000n}{}% 2
\BOOKMARK [1][-]{section.2.1}{\376\377\000I\000m\000p\000o\000r\000t\000a\000n\000t\000\040\000f\000i\000l\000e\000s\000\040\000a\000n\000d\000\040\000d\000i\000r\000e\000c\000t\000o\000r\000i\000e\000s}{chapter.2}% 3
\BOOKMARK [1][-]{section.2.2}{\376\377\000P\000r\000e\000r\000e\000q\000u\000i\000s\000i\000t\000e}{chapter.2}% 4
\BOOKMARK [1][-]{section.2.3}{\376\377\000I\000n\000s\000t\000a\000l\000l\000a\000t\000i\000o\000n\000\040\000g\000u\000i\000d\000e}{chapter.2}% 5
\BOOKMARK [1][-]{section.2.4}{\376\377\000O\000p\000t\000i\000o\000n\000s\000\040\000f\000o\000r\000\040\000c\000o\000n\000f\000i\000g\000u\000r\000e}{chapter.2}% 6
\BOOKMARK [0][-]{chapter.3}{\376\377\000L\000i\000n\000k\000i\000n\000g\000\040\000l\000i\000b\000t\000e\000t\000r\000a\000b\000z}{}% 7
\BOOKMARK [0][-]{chapter.4}{\376\377\000S\000u\000b\000r\000o\000u\000t\000i\000n\000e\000s}{}% 8
\BOOKMARK [1][-]{section.4.1}{\376\377\000T\000o\000t\000a\000l\000\040\000e\000n\000e\000r\000g\000y\000,\000\040\000c\000h\000a\000r\000g\000e\000\040\000d\000e\000n\000s\000i\000t\000y\000,\000\040\000o\000c\000c\000u\000p\000a\000t\000i\000o\000n\000s}{chapter.4}% 9
\BOOKMARK [1][-]{section.4.2}{\376\377\000F\000e\000r\000m\000i\000\040\000e\000n\000e\000r\000g\000y\000\040\000a\000n\000d\000\040\000o\000c\000c\000u\000p\000a\000t\000i\000o\000n\000s}{chapter.4}% 10
\BOOKMARK [1][-]{section.4.3}{\376\377\000P\000a\000r\000t\000i\000a\000l\000\040\000d\000e\000n\000s\000i\000t\000y\000\040\000o\000f\000\040\000s\000t\000a\000t\000e\000s}{chapter.4}% 11
\BOOKMARK [1][-]{section.4.4}{\376\377\000I\000n\000t\000e\000g\000r\000a\000t\000e\000d\000\040\000d\000e\000n\000s\000i\000t\000y\000\040\000o\000f\000\040\000s\000t\000a\000t\000e\000s}{chapter.4}% 12
\BOOKMARK [1][-]{section.4.5}{\376\377\000N\000e\000s\000t\000i\000n\000g\000\040\000f\000u\000n\000c\000t\000i\000o\000n\000\040\000a\000n\000d\000\040\000F\000r\000\046\000o\000u\000m\000l\000h\000l\000i\000c\000h\000\040\000p\000a\000r\000a\000m\000e\000t\000e\000r}{chapter.4}% 13
\BOOKMARK [1][-]{section.4.6}{\376\377\000A\000\040\000p\000a\000r\000t\000\040\000o\000f\000\040\000D\000F\000P\000T\000\040\000c\000a\000l\000c\000u\000l\000a\000t\000i\000o\000n}{chapter.4}% 14
\BOOKMARK [1][-]{section.4.7}{\376\377\000S\000t\000a\000t\000i\000c\000\040\000p\000o\000l\000a\000r\000i\000z\000a\000t\000i\000o\000n\000\040\000f\000u\000n\000c\000t\000i\000o\000n}{chapter.4}% 15
\BOOKMARK [1][-]{section.4.8}{\376\377\000P\000h\000o\000n\000o\000n\000\040\000l\000i\000n\000e\000w\000i\000d\000t\000h}{chapter.4}% 16
\BOOKMARK [1][-]{section.4.9}{\376\377\000P\000o\000l\000a\000r\000i\000z\000a\000t\000i\000o\000n\000\040\000f\000u\000n\000c\000t\000i\000o\000n\000\040\000\050\000c\000o\000m\000p\000l\000e\000x\000\040\000f\000r\000e\000q\000u\000e\000n\000c\000y\000\051}{chapter.4}% 17
\BOOKMARK [0][-]{chapter.5}{\376\377\000P\000i\000e\000c\000e\000\040\000o\000f\000\040\000s\000a\000m\000p\000l\000e\000\040\000c\000o\000d\000e}{}% 18
\BOOKMARK [0][-]{chapter.6}{\376\377\000R\000e\000-\000d\000i\000s\000t\000r\000i\000b\000u\000t\000i\000o\000n\000\040\000o\000f\000\040\000t\000h\000i\000s\000\040\000p\000r\000o\000g\000r\000a\000m}{}% 19
\BOOKMARK [1][-]{section.6.1}{\376\377\000C\000o\000n\000t\000a\000i\000n\000\040\000l\000i\000b\000t\000e\000t\000r\000a\000b\000z\000\040\000i\000n\000\040\000y\000o\000u\000r\000\040\000p\000r\000o\000g\000r\000a\000m}{chapter.6}% 20
\BOOKMARK [1][-]{section.6.2}{\376\377\000B\000u\000i\000l\000d\000\040\000l\000i\000b\000t\000e\000t\000r\000a\000b\000z\000\040\000w\000i\000t\000h\000o\000u\000t\000\040\000A\000u\000t\000o\000c\000o\000n\000f}{chapter.6}% 21
\BOOKMARK [1][-]{section.6.3}{\376\377\000M\000I\000T\000\040\000L\000i\000c\000e\000n\000s\000e}{chapter.6}% 22
\BOOKMARK [0][-]{chapter.7}{\376\377\000C\000o\000n\000t\000a\000c\000t\000s}{}% 23
\BOOKMARK [0][-]{chapter.8}{\376\377\000A\000p\000p\000e\000n\000d\000i\000x}{}% 24
\BOOKMARK [1][-]{section.8.1}{\376\377\000I\000n\000v\000e\000r\000s\000e\000\040\000i\000n\000t\000e\000r\000p\000o\000l\000a\000t\000i\000o\000n}{chapter.8}% 25
\BOOKMARK [1][-]{section.8.2}{\376\377\000D\000o\000u\000b\000l\000e\000\040\000d\000e\000l\000t\000a\000\040\000i\000n\000t\000e\000g\000r\000a\000t\000i\000o\000n}{chapter.8}% 26
\BOOKMARK [0][-]{chapter.9}{\376\377\000R\000e\000f\000e\000r\000e\000n\000c\000e}{}% 27
